Determining if the pthread_create exist failed with the following output:
Change Dir: /home/user/Desktop/Andre/GameEngine/cmake-build-debug/CMakeFiles/CMakeTmp

Run Build Command:"/usr/bin/make" "cmTC_1ba19/fast"
/usr/bin/make -f CMakeFiles/cmTC_1ba19.dir/build.make CMakeFiles/cmTC_1ba19.dir/build
make[1]: Entering directory '/home/user/Desktop/Andre/GameEngine/cmake-build-debug/CMakeFiles/CMakeTmp'
Building C object CMakeFiles/cmTC_1ba19.dir/CheckSymbolExists.c.o
/usr/bin/cc    -o CMakeFiles/cmTC_1ba19.dir/CheckSymbolExists.c.o   -c /home/user/Desktop/Andre/GameEngine/cmake-build-debug/CMakeFiles/CMakeTmp/CheckSymbolExists.c
Linking C executable cmTC_1ba19
/home/user/clion-2017.2/bin/cmake/bin/cmake -E cmake_link_script CMakeFiles/cmTC_1ba19.dir/link.txt --verbose=1
/usr/bin/cc      -rdynamic CMakeFiles/cmTC_1ba19.dir/CheckSymbolExists.c.o  -o cmTC_1ba19 
CMakeFiles/cmTC_1ba19.dir/CheckSymbolExists.c.o: na função `main':
CheckSymbolExists.c:(.text+0x16): referência indefinida a `pthread_create'
collect2: error: ld returned 1 exit status
CMakeFiles/cmTC_1ba19.dir/build.make:97: recipe for target 'cmTC_1ba19' failed
make[1]: *** [cmTC_1ba19] Error 1
make[1]: Leaving directory '/home/user/Desktop/Andre/GameEngine/cmake-build-debug/CMakeFiles/CMakeTmp'
Makefile:126: recipe for target 'cmTC_1ba19/fast' failed
make: *** [cmTC_1ba19/fast] Error 2

File /home/user/Desktop/Andre/GameEngine/cmake-build-debug/CMakeFiles/CMakeTmp/CheckSymbolExists.c:
/* */
#include <pthread.h>

int main(int argc, char** argv)
{
  (void)argv;
#ifndef pthread_create
  return ((int*)(&pthread_create))[argc];
#else
  (void)argc;
  return 0;
#endif
}

Determining if the function pthread_create exists in the pthreads failed with the following output:
Change Dir: /home/user/Desktop/Andre/GameEngine/cmake-build-debug/CMakeFiles/CMakeTmp

Run Build Command:"/usr/bin/make" "cmTC_2b371/fast"
/usr/bin/make -f CMakeFiles/cmTC_2b371.dir/build.make CMakeFiles/cmTC_2b371.dir/build
make[1]: Entering directory '/home/user/Desktop/Andre/GameEngine/cmake-build-debug/CMakeFiles/CMakeTmp'
Building C object CMakeFiles/cmTC_2b371.dir/CheckFunctionExists.c.o
/usr/bin/cc   -DCHECK_FUNCTION_EXISTS=pthread_create   -o CMakeFiles/cmTC_2b371.dir/CheckFunctionExists.c.o   -c /home/user/clion-2017.2/bin/cmake/share/cmake-3.8/Modules/CheckFunctionExists.c
Linking C executable cmTC_2b371
/home/user/clion-2017.2/bin/cmake/bin/cmake -E cmake_link_script CMakeFiles/cmTC_2b371.dir/link.txt --verbose=1
/usr/bin/cc  -DCHECK_FUNCTION_EXISTS=pthread_create    -rdynamic CMakeFiles/cmTC_2b371.dir/CheckFunctionExists.c.o  -o cmTC_2b371 -lpthreads 
/usr/bin/ld: não foi possível encontrar -lpthreads
collect2: error: ld returned 1 exit status
CMakeFiles/cmTC_2b371.dir/build.make:97: recipe for target 'cmTC_2b371' failed
make[1]: *** [cmTC_2b371] Error 1
make[1]: Leaving directory '/home/user/Desktop/Andre/GameEngine/cmake-build-debug/CMakeFiles/CMakeTmp'
Makefile:126: recipe for target 'cmTC_2b371/fast' failed
make: *** [cmTC_2b371/fast] Error 2


